<?xml version="1.0" encoding="UTF-8"?>
<!-- Generated by org.testng.reporters.JUnitXMLReporter -->
<testsuite hostname="DESKTOP-6LJ1RQB" ignored="0" name="Default test" tests="4" failures="0" timestamp="03 sep 2019 06:41:17 GMT" time="16.055" errors="0">
  <testcase name="DigitarPruebas" time="2.726" classname="Busqueda.Google.Search"/>
  <testcase name="ValidarPalabra" time="0.117" classname="Busqueda.Google.Search"/>
  <testcase name="ClickSobrePalabra" time="0.13" classname="Busqueda.Google.Search"/>
  <testcase name="ObtenerListaResultados" time="0.082" classname="Busqueda.Google.Search"/>
</testsuite> <!-- Default test -->
